<?xml version="1.0" encoding="UTF-8"?>
<!-- Generated by org.testng.reporters.JUnitXMLReporter -->
<testsuite ignored="0" hostname="LAPTOP-P24N88QV" failures="0" tests="3" name="Default test" time="0.063" errors="0" timestamp="2022-03-25T12:25:16 IST">
  <testcase classname="test.day4" name="CarApiLoginLoan" time="0.009"/>
  <testcase classname="test.day4" name="CarMobLoginLoan" time="0.002"/>
  <testcase classname="test.day4" name="CarWebLoginLoan" time="0.001"/>
</testsuite> <!-- Default test -->
