<?xml version="1.0" encoding="UTF-8"?>
<!-- Generated by org.testng.reporters.JUnitXMLReporter -->
<testsuite ignored="5" hostname="LAPTOP-P24N88QV" failures="0" tests="1" name="CarLoan" time="0.006" errors="0" timestamp="2022-03-10T15:40:42 IST">
  <testcase classname="test.day4" name="CarMobLoginLoan" time="0.002"/>
  <testcase classname="test.day3" name="CarWebLoan" time="0.0">
    <ignored/>
  </testcase> <!-- CarWebLoan -->
  <testcase classname="test.day4" name="CarApiLoginLoan" time="0.0">
    <ignored/>
  </testcase> <!-- CarApiLoginLoan -->
  <testcase classname="test.day3" name="CarApiLoan" time="0.0">
    <ignored/>
  </testcase> <!-- CarApiLoan -->
  <testcase classname="test.day4" name="CarWebLoginLoan" time="0.0">
    <ignored/>
  </testcase> <!-- CarWebLoginLoan -->
  <testcase classname="test.day3" name="CarMobLoan" time="0.0">
    <ignored/>
  </testcase> <!-- CarMobLoan -->
</testsuite> <!-- CarLoan -->
