<?xml version="1.0" encoding="UTF-8"?>
<!-- Generated by org.testng.reporters.JUnitXMLReporter -->
<testsuite ignored="0" hostname="LAPTOP-P24N88QV" failures="0" tests="4" name="Test" time="0.088" errors="0" timestamp="2022-03-10T15:40:42 IST">
  <testcase classname="test.day1" name="hello" time="0.008"/>
  <testcase classname="test.day1" name="hello2" time="0.002"/>
  <testcase classname="test.day2" name="loan" time="0.003"/>
  <testcase classname="test.day2" name="loan2" time="0.003"/>
</testsuite> <!-- Test -->
