<?xml version="1.0" encoding="UTF-8"?>
<testng-results ignored="0" total="3" passed="3" failed="0" skipped="0">
  <reporter-output>
  </reporter-output>
  <suite started-at="2022-03-25T12:25:15 IST" name="Default suite" finished-at="2022-03-25T12:25:16 IST" duration-ms="63">
    <groups>
    </groups>
    <test started-at="2022-03-25T12:25:15 IST" name="Default test" finished-at="2022-03-25T12:25:16 IST" duration-ms="63">
      <class name="test.day4">
        <test-method is-config="true" signature="beforesuite()[pri:0, instance:test.day4@120f102b]" started-at="2022-03-25T12:25:15 IST" name="beforesuite" finished-at="2022-03-25T12:25:15 IST" duration-ms="12" status="PASS">
          <reporter-output>
          </reporter-output>
        </test-method> <!-- beforesuite -->
        <test-method signature="CarApiLoginLoan()[pri:0, instance:test.day4@120f102b]" started-at="2022-03-25T12:25:15 IST" name="CarApiLoginLoan" finished-at="2022-03-25T12:25:15 IST" duration-ms="9" status="PASS">
          <reporter-output>
          </reporter-output>
        </test-method> <!-- CarApiLoginLoan -->
        <test-method signature="CarMobLoginLoan()[pri:0, instance:test.day4@120f102b]" started-at="2022-03-25T12:25:16 IST" name="CarMobLoginLoan" finished-at="2022-03-25T12:25:16 IST" duration-ms="2" status="PASS">
          <reporter-output>
          </reporter-output>
        </test-method> <!-- CarMobLoginLoan -->
        <test-method signature="CarWebLoginLoan()[pri:0, instance:test.day4@120f102b]" started-at="2022-03-25T12:25:16 IST" name="CarWebLoginLoan" finished-at="2022-03-25T12:25:16 IST" duration-ms="1" status="PASS">
          <reporter-output>
          </reporter-output>
        </test-method> <!-- CarWebLoginLoan -->
      </class> <!-- test.day4 -->
    </test> <!-- Default test -->
  </suite> <!-- Default suite -->
</testng-results>
